  gsa_bsxfun.cpp
  gsa_combineVectorElements.cpp
  gsa_eml_rand_mt19937ar_stateful.cpp
  gsa_heapsort.cpp
  gsa_insertionsort.cpp
  gsa_introsort.cpp
  gsa_mixGaussEm.cpp
  gsa_mrdivide_helper.cpp
  gsa_mycholcov.cpp
  gsa_mymvnpdf.cpp
  gsa_qrsolve.cpp
  gsa_rand.cpp
  gsa_runGSA.cpp
  gsa_runGSA_data.cpp
  gsa_runGSA_initialize.cpp
  gsa_sparse.cpp
  gsa_stack1.cpp
  gsa_sum.cpp
  gsa_unique.cpp
  gsa_vvarstd.cpp
  Generating Code...
  Compiling...
  gsa_xgeqp3.cpp
  gsa_xgetrf.cpp
  gsa_xnrm2.cpp
  gsa_xzgeqp3.cpp
  ntf_betaincinv.cpp
  ntf_binodeviance.cpp
  ntf_binopdf.cpp
  ntf_cdf.cpp
  ntf_chol.cpp
  ntf_cospiAndSinpi.cpp
  ntf_ERADist.cpp
  ntf_ERANataf.cpp
  ntf_erfcinv.cpp
  ntf_expm1.cpp
  ntf_fzero.cpp
  ntf_gamma.cpp
  ntf_gammainc.cpp
  ntf_gammaincinv.cpp
  ntf_gammaln.cpp
  ntf_gamstat.cpp
  Generating Code...
  Compiling...
  ntf_gevstat.cpp
  ntf_gpstat.cpp
  ntf_icdf.cpp
  ntf_inataf.cpp
  ntf_inataf_data.cpp
  ntf_inataf_initialize.cpp
  ntf_inataf_rtwutil.cpp
  ntf_mod.cpp
  ntf_mrdivide_helper.cpp
  ntf_mycholcov.cpp
  ntf_nbinpdf.cpp
  ntf_pdf.cpp
  ntf_repmat.cpp
  ntf_sqrt.cpp
  ntf_stirlerr.cpp
  ntf_strcmp.cpp
  ntf_svd.cpp
  ntf_wblstat.cpp
  ntf_xaxpy.cpp
  ntf_xnrm2.cpp
  Generating Code...
  Compiling...
  ntf_xrotg.cpp
  ntf_xzgeqp3.cpp
  rtGetInf.cpp
  rtGetNaN.cpp
  rt_nonfinite.cpp
  main.cpp
  my_gsa.cpp
  my_nataf.cpp
  my_readjson.cpp
  Generating Code...
  nataf_gsa.vcxproj -> C:\Users\yisan\Desktop\Development\nataf_gsa\Debug\nataf_gsa.exe
