c:\users\yisan\desktop\development\nataf_gsa\debug\vc142.pdb
c:\users\yisan\desktop\development\nataf_gsa\debug\gsa_vvarstd.obj
c:\users\yisan\desktop\development\nataf_gsa\debug\gsa_unique.obj
c:\users\yisan\desktop\development\nataf_gsa\debug\gsa_sum.obj
c:\users\yisan\desktop\development\nataf_gsa\debug\gsa_stack1.obj
c:\users\yisan\desktop\development\nataf_gsa\debug\gsa_sparse.obj
c:\users\yisan\desktop\development\nataf_gsa\debug\gsa_rungsa_initialize.obj
c:\users\yisan\desktop\development\nataf_gsa\debug\gsa_rungsa_data.obj
c:\users\yisan\desktop\development\nataf_gsa\debug\gsa_rungsa.obj
c:\users\yisan\desktop\development\nataf_gsa\debug\gsa_rand.obj
c:\users\yisan\desktop\development\nataf_gsa\debug\gsa_qrsolve.obj
c:\users\yisan\desktop\development\nataf_gsa\debug\gsa_mymvnpdf.obj
c:\users\yisan\desktop\development\nataf_gsa\debug\gsa_mycholcov.obj
c:\users\yisan\desktop\development\nataf_gsa\debug\gsa_mrdivide_helper.obj
c:\users\yisan\desktop\development\nataf_gsa\debug\gsa_mixgaussem.obj
c:\users\yisan\desktop\development\nataf_gsa\debug\gsa_introsort.obj
c:\users\yisan\desktop\development\nataf_gsa\debug\gsa_insertionsort.obj
c:\users\yisan\desktop\development\nataf_gsa\debug\gsa_heapsort.obj
c:\users\yisan\desktop\development\nataf_gsa\debug\gsa_eml_setop.obj
c:\users\yisan\desktop\development\nataf_gsa\debug\gsa_eml_rand_mt19937ar_stateful.obj
c:\users\yisan\desktop\development\nataf_gsa\debug\gsa_bsxfun.obj
c:\users\yisan\desktop\development\nataf_gsa\debug\ntf_evfit.obj
c:\users\yisan\desktop\development\nataf_gsa\debug\ntf_erfcinv.obj
c:\users\yisan\desktop\development\nataf_gsa\debug\ntf_eranataf.obj
c:\users\yisan\desktop\development\nataf_gsa\debug\ntf_eradist.obj
c:\users\yisan\desktop\development\nataf_gsa\debug\ntf_eml_rand_mt19937ar_stateful.obj
c:\users\yisan\desktop\development\nataf_gsa\debug\ntf_cospiandsinpi.obj
c:\users\yisan\desktop\development\nataf_gsa\debug\ntf_corrcoef.obj
c:\users\yisan\desktop\development\nataf_gsa\debug\ntf_colon.obj
c:\users\yisan\desktop\development\nataf_gsa\debug\ntf_cdf.obj
c:\users\yisan\desktop\development\nataf_gsa\debug\ntf_binostat.obj
c:\users\yisan\desktop\development\nataf_gsa\debug\ntf_binopdf.obj
c:\users\yisan\desktop\development\nataf_gsa\debug\ntf_binodeviance.obj
c:\users\yisan\desktop\development\nataf_gsa\debug\ntf_betaincinv.obj
c:\users\yisan\desktop\development\nataf_gsa\debug\ntf_betainc.obj
c:\users\yisan\desktop\development\nataf_gsa\debug\ntf_betafit.obj
c:\users\yisan\desktop\development\nataf_gsa\debug\ntf_betadistribution.obj
c:\users\yisan\desktop\development\nataf_gsa\debug\gsa_xzgeqp3.obj
c:\users\yisan\desktop\development\nataf_gsa\debug\gsa_xnrm2.obj
c:\users\yisan\desktop\development\nataf_gsa\debug\gsa_xgetrf.obj
c:\users\yisan\desktop\development\nataf_gsa\debug\gsa_xgeqp3.obj
c:\users\yisan\desktop\development\nataf_gsa\debug\ntf_lognormaldistribution.obj
c:\users\yisan\desktop\development\nataf_gsa\debug\ntf_linspace.obj
c:\users\yisan\desktop\development\nataf_gsa\debug\ntf_inataf_rtwutil.obj
c:\users\yisan\desktop\development\nataf_gsa\debug\ntf_inataf_initialize.obj
c:\users\yisan\desktop\development\nataf_gsa\debug\ntf_inataf_data.obj
c:\users\yisan\desktop\development\nataf_gsa\debug\ntf_inataf.obj
c:\users\yisan\desktop\development\nataf_gsa\debug\ntf_icdf.obj
c:\users\yisan\desktop\development\nataf_gsa\debug\ntf_gevstat.obj
c:\users\yisan\desktop\development\nataf_gsa\debug\ntf_gevinv.obj
c:\users\yisan\desktop\development\nataf_gsa\debug\ntf_gampdf.obj
c:\users\yisan\desktop\development\nataf_gsa\debug\ntf_gammaln.obj
c:\users\yisan\desktop\development\nataf_gsa\debug\ntf_gammaincinv.obj
c:\users\yisan\desktop\development\nataf_gsa\debug\ntf_gammainc.obj
c:\users\yisan\desktop\development\nataf_gsa\debug\ntf_gamma.obj
c:\users\yisan\desktop\development\nataf_gsa\debug\ntf_fzero.obj
c:\users\yisan\desktop\development\nataf_gsa\debug\ntf_fminsearch.obj
c:\users\yisan\desktop\development\nataf_gsa\debug\ntf_find.obj
c:\users\yisan\desktop\development\nataf_gsa\debug\ntf_extremevaluedistribution.obj
c:\users\yisan\desktop\development\nataf_gsa\debug\ntf_exponentialdistribution.obj
c:\users\yisan\desktop\development\nataf_gsa\debug\ntf_expm1.obj
c:\users\yisan\desktop\development\nataf_gsa\debug\ntf_trapz.obj
c:\users\yisan\desktop\development\nataf_gsa\debug\ntf_svd.obj
c:\users\yisan\desktop\development\nataf_gsa\debug\ntf_strcmp.obj
c:\users\yisan\desktop\development\nataf_gsa\debug\ntf_stirlerr.obj
c:\users\yisan\desktop\development\nataf_gsa\debug\ntf_std.obj
c:\users\yisan\desktop\development\nataf_gsa\debug\ntf_sortidx.obj
c:\users\yisan\desktop\development\nataf_gsa\debug\ntf_sort.obj
c:\users\yisan\desktop\development\nataf_gsa\debug\ntf_rand.obj
c:\users\yisan\desktop\development\nataf_gsa\debug\ntf_polyfit.obj
c:\users\yisan\desktop\development\nataf_gsa\debug\ntf_pdf.obj
c:\users\yisan\desktop\development\nataf_gsa\debug\ntf_normfit.obj
c:\users\yisan\desktop\development\nataf_gsa\debug\ntf_normaldistribution.obj
c:\users\yisan\desktop\development\nataf_gsa\debug\ntf_nbinstat.obj
c:\users\yisan\desktop\development\nataf_gsa\debug\ntf_nbinpdf.obj
c:\users\yisan\desktop\development\nataf_gsa\debug\ntf_mycholcov.obj
c:\users\yisan\desktop\development\nataf_gsa\debug\ntf_mrdivide_helper.obj
c:\users\yisan\desktop\development\nataf_gsa\debug\ntf_mod1.obj
c:\users\yisan\desktop\development\nataf_gsa\debug\ntf_mod.obj
c:\users\yisan\desktop\development\nataf_gsa\debug\ntf_minormax.obj
c:\users\yisan\desktop\development\nataf_gsa\debug\ntf_lognstat.obj
c:\users\yisan\desktop\development\nataf_gsa\debug\my_readjson.obj
c:\users\yisan\desktop\development\nataf_gsa\debug\my_nataf.obj
c:\users\yisan\desktop\development\nataf_gsa\debug\my_gsa.obj
c:\users\yisan\desktop\development\nataf_gsa\debug\main.obj
c:\users\yisan\desktop\development\nataf_gsa\debug\rt_nonfinite.obj
c:\users\yisan\desktop\development\nataf_gsa\debug\rtgetnan.obj
c:\users\yisan\desktop\development\nataf_gsa\debug\rtgetinf.obj
c:\users\yisan\desktop\development\nataf_gsa\debug\ntf_xzgeqp3.obj
c:\users\yisan\desktop\development\nataf_gsa\debug\ntf_xrotg.obj
c:\users\yisan\desktop\development\nataf_gsa\debug\ntf_xnrm2.obj
c:\users\yisan\desktop\development\nataf_gsa\debug\ntf_xaxpy.obj
c:\users\yisan\desktop\development\nataf_gsa\debug\ntf_weibulldistribution.obj
c:\users\yisan\desktop\development\nataf_gsa\debug\ntf_wblstat.obj
c:\users\yisan\desktop\development\nataf_gsa\debug\ntf_var.obj
c:\users\yisan\desktop\development\nataf_gsa\debug\ntf_unique.obj
c:\users\yisan\desktop\development\nataf_gsa\debug\nataf_gsa.exe
c:\users\yisan\desktop\development\nataf_gsa\debug\nataf_gsa.ilk
c:\users\yisan\desktop\development\nataf_gsa\debug\nataf_gsa.pdb
c:\users\yisan\desktop\development\nataf_gsa\debug\nataf_gsa.tlog\cl.command.1.tlog
c:\users\yisan\desktop\development\nataf_gsa\debug\nataf_gsa.tlog\cl.read.1.tlog
c:\users\yisan\desktop\development\nataf_gsa\debug\nataf_gsa.tlog\cl.write.1.tlog
c:\users\yisan\desktop\development\nataf_gsa\debug\nataf_gsa.tlog\link.command.1.tlog
c:\users\yisan\desktop\development\nataf_gsa\debug\nataf_gsa.tlog\link.read.1.tlog
c:\users\yisan\desktop\development\nataf_gsa\debug\nataf_gsa.tlog\link.write.1.tlog
